[dotenv@17.2.4] injecting env (0) from .env -- tip: ✅ audit secrets and track compliance: https://dotenvx.com/ops
📡 DB URL Length: 161
🚀 Starting Seeding...
❌ Failed to upsert Admin user: Error: No database host or connection string was set, and key parameters have default values (host: localhost, user: robert-kule, db: robert-kule, password: null). Is an environment variable missing? Alternatively, if you intended to connect with these parameters, please set the host to 'localhost' explicitly.
    at Un.connect (/home/robert-kule/Public/Projets/credda-ulpgl/node_modules/@neondatabase/serverless/index.js:1318:50)
    at Dn.newClient (/home/robert-kule/Public/Projets/credda-ulpgl/node_modules/@neondatabase/serverless/index.js:1117:85)
    at Dn.connect (/home/robert-kule/Public/Projets/credda-ulpgl/node_modules/@neondatabase/serverless/index.js:1114:1)
    at Dn.query (/home/robert-kule/Public/Projets/credda-ulpgl/node_modules/@neondatabase/serverless/index.js:1138:1)
    at Dn.query (/home/robert-kule/Public/Projets/credda-ulpgl/node_modules/@neondatabase/serverless/index.js:1354:96)
    at PrismaNeonAdapter.performIO (/home/robert-kule/Public/Projets/credda-ulpgl/node_modules/@prisma/adapter-neon/dist/index.js:554:40)
    at PrismaNeonAdapter.queryRaw (/home/robert-kule/Public/Projets/credda-ulpgl/node_modules/@prisma/adapter-neon/dist/index.js:515:41)
    at <anonymous> (/home/robert-kule/Public/Projets/credda-ulpgl/node_modules/@prisma/driver-adapter-utils/src/binder.ts:133:23) {
  clientVersion: '6.19.2'
}
Error: No database host or connection string was set, and key parameters have default values (host: localhost, user: robert-kule, db: robert-kule, password: null). Is an environment variable missing? Alternatively, if you intended to connect with these parameters, please set the host to 'localhost' explicitly.
    at Un.connect (/home/robert-kule/Public/Projets/credda-ulpgl/node_modules/@neondatabase/serverless/index.js:1318:50)
    at Dn.newClient (/home/robert-kule/Public/Projets/credda-ulpgl/node_modules/@neondatabase/serverless/index.js:1117:85)
    at Dn.connect (/home/robert-kule/Public/Projets/credda-ulpgl/node_modules/@neondatabase/serverless/index.js:1114:1)
    at Dn.query (/home/robert-kule/Public/Projets/credda-ulpgl/node_modules/@neondatabase/serverless/index.js:1138:1)
    at Dn.query (/home/robert-kule/Public/Projets/credda-ulpgl/node_modules/@neondatabase/serverless/index.js:1354:96)
    at PrismaNeonAdapter.performIO (/home/robert-kule/Public/Projets/credda-ulpgl/node_modules/@prisma/adapter-neon/dist/index.js:554:40)
    at PrismaNeonAdapter.queryRaw (/home/robert-kule/Public/Projets/credda-ulpgl/node_modules/@prisma/adapter-neon/dist/index.js:515:41)
    at <anonymous> (/home/robert-kule/Public/Projets/credda-ulpgl/node_modules/@prisma/driver-adapter-utils/src/binder.ts:133:23) {
  clientVersion: '6.19.2'
}
